<?xml version="1.0" encoding="UTF-8"?>
<testsuites>
  <testsuite name="performing_a_login1" timestamp="2018-10-31T22:56:33" time="17.51" tests="0" failures="0" errors="0" skipped="0">
    <properties>
      <property name="specId" value="8f03554378308f5c2ad79d6320911a01"/>
      <property name="suiteName" value="Performing a login1"/>
      <property name="capabilities" value="chrome"/>
    </properties>
  </testsuite>
  <testsuite name="performing_login_operation_with_passing_test_data_as_data_table17" timestamp="2018-10-31T22:56:33" time="17.484" tests="3" failures="0" errors="0" skipped="0">
    <properties>
      <property name="specId" value="8f03554378308f5c2ad79d6320911a01"/>
      <property name="suiteName" value="Performing login operation with passing test data as data table17"/>
      <property name="capabilities" value="chrome"/>
    </properties>
    <testcase classname="chrome.Performing login operation with passing test data as data table17" name="I am on the phptravels page9" time="17.655"/>
    <testcase classname="chrome.Performing login operation with passing test data as data table17" name="I login with username and password &quot;user@phptravels.com&quot; &quot;demouser&quot; into the text box12" time="10.681"/>
    <testcase classname="chrome.Performing login operation with passing test data as data table17" name="I should see the message &quot;Hi, Johny Smith&quot; on my account page13" time="7.472"/>
  </testsuite>
</testsuites>